app/build/intermediates/manifest_merge_blame_file/debug/manifest-merger-blame-debug-report.txt
1<?xml version="1.0" encoding="utf-8"?>
2<manifest xmlns:android="http://schemas.android.com/apk/res/android"
3    package="com.android.catatanpenjualan"
4    android:versionCode="1"
5    android:versionName="1.0" >
6
7    <uses-sdk
8        android:minSdkVersion="22"
8-->src\main\AndroidManifest.xml
9        android:targetSdkVersion="28" />
9-->src\main\AndroidManifest.xml
10
11    <uses-permission android:name="android.permission.INTERNET" />
11-->src\main\AndroidManifest.xml:6:5-67
11-->src\main\AndroidManifest.xml:6:22-64
12
13    <application
13-->src\main\AndroidManifest.xml:8:5-31:19
14        android:allowBackup="false"
14-->src\main\AndroidManifest.xml:9:9-36
15        android:appComponentFactory="androidx.core.app.CoreComponentFactory"
15-->[androidx.core:core:1.1.0] AndroidManifest.xml:24:18-86
16        android:debuggable="true"
17        android:icon="@mipmap/ic_launcher"
17-->src\main\AndroidManifest.xml:10:9-43
18        android:label="@string/app_name"
18-->src\main\AndroidManifest.xml:11:9-41
19        android:roundIcon="@mipmap/ic_launcher_round"
19-->src\main\AndroidManifest.xml:12:9-54
20        android:supportsRtl="true"
20-->src\main\AndroidManifest.xml:13:9-35
21        android:theme="@style/AppTheme"
21-->src\main\AndroidManifest.xml:14:9-40
22        android:usesCleartextTraffic="true" >
22-->src\main\AndroidManifest.xml:15:9-44
23        <activity android:name="com.android.catatanpenjualan.activity.report.ReportActivity" />
23-->src\main\AndroidManifest.xml:17:9-105
23-->src\main\AndroidManifest.xml:17:19-93
24        <activity android:name="com.android.catatanpenjualan.activity.penjualan.PenjualanBarang" />
24-->src\main\AndroidManifest.xml:18:9-100
24-->src\main\AndroidManifest.xml:18:19-97
25        <activity android:name="com.android.catatanpenjualan.activity.data_barang.DataBarangActivity" />
25-->src\main\AndroidManifest.xml:19:9-105
25-->src\main\AndroidManifest.xml:19:19-102
26        <activity android:name="com.android.catatanpenjualan.activity.register.RegisterActivity" />
26-->src\main\AndroidManifest.xml:20:9-100
26-->src\main\AndroidManifest.xml:20:19-97
27        <activity android:name="com.android.catatanpenjualan.activity.data_barang._add.AddBarangActivity" />
27-->src\main\AndroidManifest.xml:21:9-109
27-->src\main\AndroidManifest.xml:21:19-106
28        <activity android:name="com.android.catatanpenjualan.activity.login.LoginActivity" >
28-->src\main\AndroidManifest.xml:22:9-29:20
28-->src\main\AndroidManifest.xml:22:19-91
29            <intent-filter>
29-->src\main\AndroidManifest.xml:23:13-28:29
30                <action android:name="android.intent.action.VIEW" />
30-->src\main\AndroidManifest.xml:24:17-69
30-->src\main\AndroidManifest.xml:24:25-66
31                <action android:name="android.intent.action.MAIN" />
31-->src\main\AndroidManifest.xml:25:17-69
31-->src\main\AndroidManifest.xml:25:25-66
32
33                <category android:name="android.intent.category.LAUNCHER" />
33-->src\main\AndroidManifest.xml:27:17-77
33-->src\main\AndroidManifest.xml:27:27-74
34            </intent-filter>
35        </activity>
36        <activity android:name="com.android.catatanpenjualan.activity._main.MainActivity" />
36-->src\main\AndroidManifest.xml:30:9-93
36-->src\main\AndroidManifest.xml:30:19-90
37
38        <provider
38-->[androidx.lifecycle:lifecycle-process:2.1.0] AndroidManifest.xml:23:9-27:43
39            android:name="androidx.lifecycle.ProcessLifecycleOwnerInitializer"
39-->[androidx.lifecycle:lifecycle-process:2.1.0] AndroidManifest.xml:24:13-79
40            android:authorities="com.android.catatanpenjualan.lifecycle-process"
40-->[androidx.lifecycle:lifecycle-process:2.1.0] AndroidManifest.xml:25:13-69
41            android:exported="false"
41-->[androidx.lifecycle:lifecycle-process:2.1.0] AndroidManifest.xml:26:13-37
42            android:multiprocess="true" />
42-->[androidx.lifecycle:lifecycle-process:2.1.0] AndroidManifest.xml:27:13-40
43    </application>
44
45</manifest>